-------------------------------------------------------------------------------
Test set: com.automationchallenge.pages.test.RegistrationPageTest
-------------------------------------------------------------------------------
Tests run: 2, Failures: 0, Errors: 2, Skipped: 0, Time elapsed: 0.167 s <<< FAILURE! - in com.automationchallenge.pages.test.RegistrationPageTest
com.automationchallenge.pages.test.RegistrationPageTest  Time elapsed: 0.163 s  <<< ERROR!
java.lang.IllegalStateException: The driver executable must exist: /Users/inaam/eclipse-workspace/AutomationChallenge/src/test/resources/chromedriver

com.automationchallenge.pages.test.RegistrationPageTest  Time elapsed: 0.165 s  <<< ERROR!
java.lang.NullPointerException: Cannot invoke "org.openqa.selenium.WebDriver.close()" because "com.automationchallenge.pages.test.FunctionalTests.driver" is null

